Copyright 1986-2018 Xilinx, Inc. All Rights Reserved.
------------------------------------------------------------------------------------------------------------------------------
| Tool Version : Vivado v.2018.2 (win64) Build 2258646 Thu Jun 14 20:03:12 MDT 2018
| Date         : Tue Oct  8 00:23:08 2019
| Host         : DESKTOP-FGTB7AJ running 64-bit major release  (build 9200)
| Command      : report_drc -file top_zynqberry_drc_opted.rpt -pb top_zynqberry_drc_opted.pb -rpx top_zynqberry_drc_opted.rpx
| Design       : top_zynqberry
| Device       : xc7z010clg225-1
| Speed File   : -1
| Design State : Synthesized
------------------------------------------------------------------------------------------------------------------------------

Report DRC

Table of Contents
-----------------
1. REPORT SUMMARY
2. REPORT DETAILS

1. REPORT SUMMARY
-----------------
            Netlist: netlist
          Floorplan: design_1
      Design limits: <entire design considered>
           Ruledeck: default
             Max violations: <unlimited>
             Violations found: 2
+--------+----------+------------------------------------------------+------------+
| Rule   | Severity | Description                                    | Violations |
+--------+----------+------------------------------------------------+------------+
| PLIO-3 | Warning  | Placement Constraints Check for IO constraints | 1          |
| ZPS7-1 | Warning  | PS7 block required                             | 1          |
+--------+----------+------------------------------------------------+------------+

2. REPORT DETAILS
-----------------
PLIO-3#1 Warning
Placement Constraints Check for IO constraints  
Partially locked IO Bus is found. Following components of the IO Bus GPIO_1_tri_io[23:0] are not locked:  GPIO_1_tri_io[22] GPIO_1_tri_io[15]
Related violations: <none>

ZPS7-1#1 Warning
PS7 block required  
The PS7 cell must be used in this Zynq design in order to enable correct default configuration.
Related violations: <none>


