Copyright 1986-2018 Xilinx, Inc. All Rights Reserved.
---------------------------------------------------------------------------------------------------------------------------
| Tool Version : Vivado v.2018.2 (win64) Build 2258646 Thu Jun 14 20:03:12 MDT 2018
| Date         : Sun Oct  6 14:44:11 2019
| Host         : DESKTOP-FGTB7AJ running 64-bit major release  (build 9200)
| Command      : report_drc -file zsys_wrapper_drc_opted.rpt -pb zsys_wrapper_drc_opted.pb -rpx zsys_wrapper_drc_opted.rpx
| Design       : zsys_wrapper
| Device       : xc7z010clg225-1
| Speed File   : -1
| Design State : Synthesized
---------------------------------------------------------------------------------------------------------------------------

Report DRC

Table of Contents
-----------------
1. REPORT SUMMARY
2. REPORT DETAILS

1. REPORT SUMMARY
-----------------
            Netlist: netlist
          Floorplan: design_1
      Design limits: <entire design considered>
           Ruledeck: default
             Max violations: <unlimited>
             Violations found: 24
+--------+----------+------------------------------------------------+------------+
| Rule   | Severity | Description                                    | Violations |
+--------+----------+------------------------------------------------+------------+
| BUFC-1 | Warning  | Input Buffer Connections                       | 22         |
| PLIO-3 | Warning  | Placement Constraints Check for IO constraints | 1          |
| ZPS7-1 | Warning  | PS7 block required                             | 1          |
+--------+----------+------------------------------------------------+------------+

2. REPORT DETAILS
-----------------
BUFC-1#1 Warning
Input Buffer Connections  
Input buffer GPIO_1_tri_iobuf_0/IBUF (in GPIO_1_tri_iobuf_0 macro) has no loads. It is recommended to have an input buffer drive an internal load.
Related violations: <none>

BUFC-1#2 Warning
Input Buffer Connections  
Input buffer GPIO_1_tri_iobuf_1/IBUF (in GPIO_1_tri_iobuf_1 macro) has no loads. It is recommended to have an input buffer drive an internal load.
Related violations: <none>

BUFC-1#3 Warning
Input Buffer Connections  
Input buffer GPIO_1_tri_iobuf_10/IBUF (in GPIO_1_tri_iobuf_10 macro) has no loads. It is recommended to have an input buffer drive an internal load.
Related violations: <none>

BUFC-1#4 Warning
Input Buffer Connections  
Input buffer GPIO_1_tri_iobuf_11/IBUF (in GPIO_1_tri_iobuf_11 macro) has no loads. It is recommended to have an input buffer drive an internal load.
Related violations: <none>

BUFC-1#5 Warning
Input Buffer Connections  
Input buffer GPIO_1_tri_iobuf_12/IBUF (in GPIO_1_tri_iobuf_12 macro) has no loads. It is recommended to have an input buffer drive an internal load.
Related violations: <none>

BUFC-1#6 Warning
Input Buffer Connections  
Input buffer GPIO_1_tri_iobuf_13/IBUF (in GPIO_1_tri_iobuf_13 macro) has no loads. It is recommended to have an input buffer drive an internal load.
Related violations: <none>

BUFC-1#7 Warning
Input Buffer Connections  
Input buffer GPIO_1_tri_iobuf_14/IBUF (in GPIO_1_tri_iobuf_14 macro) has no loads. It is recommended to have an input buffer drive an internal load.
Related violations: <none>

BUFC-1#8 Warning
Input Buffer Connections  
Input buffer GPIO_1_tri_iobuf_16/IBUF (in GPIO_1_tri_iobuf_16 macro) has no loads. It is recommended to have an input buffer drive an internal load.
Related violations: <none>

BUFC-1#9 Warning
Input Buffer Connections  
Input buffer GPIO_1_tri_iobuf_17/IBUF (in GPIO_1_tri_iobuf_17 macro) has no loads. It is recommended to have an input buffer drive an internal load.
Related violations: <none>

BUFC-1#10 Warning
Input Buffer Connections  
Input buffer GPIO_1_tri_iobuf_18/IBUF (in GPIO_1_tri_iobuf_18 macro) has no loads. It is recommended to have an input buffer drive an internal load.
Related violations: <none>

BUFC-1#11 Warning
Input Buffer Connections  
Input buffer GPIO_1_tri_iobuf_19/IBUF (in GPIO_1_tri_iobuf_19 macro) has no loads. It is recommended to have an input buffer drive an internal load.
Related violations: <none>

BUFC-1#12 Warning
Input Buffer Connections  
Input buffer GPIO_1_tri_iobuf_2/IBUF (in GPIO_1_tri_iobuf_2 macro) has no loads. It is recommended to have an input buffer drive an internal load.
Related violations: <none>

BUFC-1#13 Warning
Input Buffer Connections  
Input buffer GPIO_1_tri_iobuf_20/IBUF (in GPIO_1_tri_iobuf_20 macro) has no loads. It is recommended to have an input buffer drive an internal load.
Related violations: <none>

BUFC-1#14 Warning
Input Buffer Connections  
Input buffer GPIO_1_tri_iobuf_21/IBUF (in GPIO_1_tri_iobuf_21 macro) has no loads. It is recommended to have an input buffer drive an internal load.
Related violations: <none>

BUFC-1#15 Warning
Input Buffer Connections  
Input buffer GPIO_1_tri_iobuf_23/IBUF (in GPIO_1_tri_iobuf_23 macro) has no loads. It is recommended to have an input buffer drive an internal load.
Related violations: <none>

BUFC-1#16 Warning
Input Buffer Connections  
Input buffer GPIO_1_tri_iobuf_3/IBUF (in GPIO_1_tri_iobuf_3 macro) has no loads. It is recommended to have an input buffer drive an internal load.
Related violations: <none>

BUFC-1#17 Warning
Input Buffer Connections  
Input buffer GPIO_1_tri_iobuf_4/IBUF (in GPIO_1_tri_iobuf_4 macro) has no loads. It is recommended to have an input buffer drive an internal load.
Related violations: <none>

BUFC-1#18 Warning
Input Buffer Connections  
Input buffer GPIO_1_tri_iobuf_5/IBUF (in GPIO_1_tri_iobuf_5 macro) has no loads. It is recommended to have an input buffer drive an internal load.
Related violations: <none>

BUFC-1#19 Warning
Input Buffer Connections  
Input buffer GPIO_1_tri_iobuf_6/IBUF (in GPIO_1_tri_iobuf_6 macro) has no loads. It is recommended to have an input buffer drive an internal load.
Related violations: <none>

BUFC-1#20 Warning
Input Buffer Connections  
Input buffer GPIO_1_tri_iobuf_7/IBUF (in GPIO_1_tri_iobuf_7 macro) has no loads. It is recommended to have an input buffer drive an internal load.
Related violations: <none>

BUFC-1#21 Warning
Input Buffer Connections  
Input buffer GPIO_1_tri_iobuf_8/IBUF (in GPIO_1_tri_iobuf_8 macro) has no loads. It is recommended to have an input buffer drive an internal load.
Related violations: <none>

BUFC-1#22 Warning
Input Buffer Connections  
Input buffer GPIO_1_tri_iobuf_9/IBUF (in GPIO_1_tri_iobuf_9 macro) has no loads. It is recommended to have an input buffer drive an internal load.
Related violations: <none>

PLIO-3#1 Warning
Placement Constraints Check for IO constraints  
Partially locked IO Bus is found. Following components of the IO Bus GPIO_1_tri_io[23:0] are not locked:  GPIO_1_tri_io[22] GPIO_1_tri_io[15]
Related violations: <none>

ZPS7-1#1 Warning
PS7 block required  
The PS7 cell must be used in this Zynq design in order to enable correct default configuration.
Related violations: <none>


